Feb 19 16:06:24 JavaBridge INFO : VM                  : 1.6.0_26@http://java.sun.com/
Feb 19 16:06:24 JavaBridge INFO : JavaBridge version             : 6.2.1rc5    
Feb 19 16:06:24 JavaBridge INFO : logFile             : JavaBridge.log
Feb 19 16:06:24 JavaBridge INFO : default logLevel    : 3
Feb 19 16:06:24 JavaBridge INFO : socket              : HTTP_LOCAL:8080
Feb 19 16:06:24 JavaBridge INFO : java.ext.dirs       : C:\Program Files (x86)\Java\jre6\lib\ext;C:\Windows\Sun\Java\lib\ext
Feb 19 16:06:24 JavaBridge INFO : php.java.bridge.base: C:\Users\Diego Troncoso
Feb 19 16:06:24 JavaBridge INFO : thread pool size    : 20
Feb 19 16:06:24 JavaBridge INFO : JavaBridgeRunner started on port INET_LOCAL:8080
log4j:WARN No appenders could be found for logger (net.sf.jasperreports.engine.xml.JRXmlDigesterFactory).
log4j:WARN Please initialize the log4j system properly.
Feb 19 16:06:35 JavaBridge INFO : bc5596@987197 No visible constructor found in: java.sql.DriverManager, returning the class instead of an instance; this may not be what you want. Please correct this error or please use the function java("java.sql.DriverManager") instead.
Feb 19 16:10:34 JavaBridge INFO : f2ea42@987197 No visible constructor found in: java.sql.DriverManager, returning the class instead of an instance; this may not be what you want. Please correct this error or please use the function java("java.sql.DriverManager") instead.
Feb 19 16:14:18 JavaBridge INFO : 15c97e4@987197 No visible constructor found in: java.sql.DriverManager, returning the class instead of an instance; this may not be what you want. Please correct this error or please use the function java("java.sql.DriverManager") instead.
Feb 19 16:14:20 JavaBridge INFO : 8beff2@987197 No visible constructor found in: java.sql.DriverManager, returning the class instead of an instance; this may not be what you want. Please correct this error or please use the function java("java.sql.DriverManager") instead.
Feb 19 16:14:24 JavaBridge INFO : 429c19@987197 No visible constructor found in: java.sql.DriverManager, returning the class instead of an instance; this may not be what you want. Please correct this error or please use the function java("java.sql.DriverManager") instead.
Feb 19 16:14:24 JavaBridge INFO : 181b3d4@987197 No visible constructor found in: java.sql.DriverManager, returning the class instead of an instance; this may not be what you want. Please correct this error or please use the function java("java.sql.DriverManager") instead.
Feb 19 16:14:24 JavaBridge INFO : 8a2023@987197 No visible constructor found in: java.sql.DriverManager, returning the class instead of an instance; this may not be what you want. Please correct this error or please use the function java("java.sql.DriverManager") instead.
Feb 19 16:14:25 JavaBridge INFO : fccada@987197 No visible constructor found in: java.sql.DriverManager, returning the class instead of an instance; this may not be what you want. Please correct this error or please use the function java("java.sql.DriverManager") instead.
Feb 19 16:14:25 JavaBridge INFO : 15c929a@987197 No visible constructor found in: java.sql.DriverManager, returning the class instead of an instance; this may not be what you want. Please correct this error or please use the function java("java.sql.DriverManager") instead.
Feb 19 16:14:26 JavaBridge INFO : caf083@987197 No visible constructor found in: java.sql.DriverManager, returning the class instead of an instance; this may not be what you want. Please correct this error or please use the function java("java.sql.DriverManager") instead.
Feb 19 16:14:26 JavaBridge INFO : 704cf5@987197 No visible constructor found in: java.sql.DriverManager, returning the class instead of an instance; this may not be what you want. Please correct this error or please use the function java("java.sql.DriverManager") instead.
Feb 19 16:16:35 JavaBridge INFO : 1c0bee6@987197 No visible constructor found in: java.sql.DriverManager, returning the class instead of an instance; this may not be what you want. Please correct this error or please use the function java("java.sql.DriverManager") instead.
Feb 19 16:16:36 JavaBridge INFO : 143753@987197 No visible constructor found in: java.sql.DriverManager, returning the class instead of an instance; this may not be what you want. Please correct this error or please use the function java("java.sql.DriverManager") instead.
Feb 19 16:16:36 JavaBridge INFO : 1be0369@987197 No visible constructor found in: java.sql.DriverManager, returning the class instead of an instance; this may not be what you want. Please correct this error or please use the function java("java.sql.DriverManager") instead.
Feb 19 16:16:36 JavaBridge INFO : 15726ec@987197 No visible constructor found in: java.sql.DriverManager, returning the class instead of an instance; this may not be what you want. Please correct this error or please use the function java("java.sql.DriverManager") instead.
Feb 19 16:16:37 JavaBridge INFO : 10c94a7@987197 No visible constructor found in: java.sql.DriverManager, returning the class instead of an instance; this may not be what you want. Please correct this error or please use the function java("java.sql.DriverManager") instead.
Feb 19 16:16:45 JavaBridge INFO : 13f348b@987197 No visible constructor found in: java.sql.DriverManager, returning the class instead of an instance; this may not be what you want. Please correct this error or please use the function java("java.sql.DriverManager") instead.
Feb 19 16:16:49 JavaBridge INFO : 169a50b@987197 No visible constructor found in: java.sql.DriverManager, returning the class instead of an instance; this may not be what you want. Please correct this error or please use the function java("java.sql.DriverManager") instead.
Feb 19 16:16:51 JavaBridge INFO : 117b450@987197 No visible constructor found in: java.sql.DriverManager, returning the class instead of an instance; this may not be what you want. Please correct this error or please use the function java("java.sql.DriverManager") instead.
Feb 19 16:16:51 JavaBridge INFO : b6b2a5@987197 No visible constructor found in: java.sql.DriverManager, returning the class instead of an instance; this may not be what you want. Please correct this error or please use the function java("java.sql.DriverManager") instead.
Feb 19 16:16:51 JavaBridge INFO : 28ca1c@987197 No visible constructor found in: java.sql.DriverManager, returning the class instead of an instance; this may not be what you want. Please correct this error or please use the function java("java.sql.DriverManager") instead.
Feb 19 16:19:43 JavaBridge INFO : 176eeb9@987197 No visible constructor found in: java.sql.DriverManager, returning the class instead of an instance; this may not be what you want. Please correct this error or please use the function java("java.sql.DriverManager") instead.
Feb 19 16:19:44 JavaBridge INFO : 1a81bd5@987197 No visible constructor found in: java.sql.DriverManager, returning the class instead of an instance; this may not be what you want. Please correct this error or please use the function java("java.sql.DriverManager") instead.
Feb 19 16:19:44 JavaBridge INFO : eeabe8@987197 No visible constructor found in: java.sql.DriverManager, returning the class instead of an instance; this may not be what you want. Please correct this error or please use the function java("java.sql.DriverManager") instead.
Feb 19 16:19:44 JavaBridge INFO : 198a654@987197 No visible constructor found in: java.sql.DriverManager, returning the class instead of an instance; this may not be what you want. Please correct this error or please use the function java("java.sql.DriverManager") instead.
Feb 19 16:19:44 JavaBridge INFO : 3744bc@987197 No visible constructor found in: java.sql.DriverManager, returning the class instead of an instance; this may not be what you want. Please correct this error or please use the function java("java.sql.DriverManager") instead.
Feb 19 16:19:44 JavaBridge INFO : 10e6cbd@987197 No visible constructor found in: java.sql.DriverManager, returning the class instead of an instance; this may not be what you want. Please correct this error or please use the function java("java.sql.DriverManager") instead.
Feb 19 16:19:45 JavaBridge INFO : 1c20611@987197 No visible constructor found in: java.sql.DriverManager, returning the class instead of an instance; this may not be what you want. Please correct this error or please use the function java("java.sql.DriverManager") instead.
Feb 19 16:19:46 JavaBridge INFO : 14c7cd@987197 No visible constructor found in: java.sql.DriverManager, returning the class instead of an instance; this may not be what you want. Please correct this error or please use the function java("java.sql.DriverManager") instead.
Feb 19 16:19:46 JavaBridge INFO : 15b4b49@987197 No visible constructor found in: java.sql.DriverManager, returning the class instead of an instance; this may not be what you want. Please correct this error or please use the function java("java.sql.DriverManager") instead.
Feb 19 16:20:57 JavaBridge INFO : a449e0@987197 No visible constructor found in: java.sql.DriverManager, returning the class instead of an instance; this may not be what you want. Please correct this error or please use the function java("java.sql.DriverManager") instead.
Feb 19 16:20:58 JavaBridge INFO : da34f5@987197 No visible constructor found in: java.sql.DriverManager, returning the class instead of an instance; this may not be what you want. Please correct this error or please use the function java("java.sql.DriverManager") instead.
Feb 19 16:20:58 JavaBridge INFO : cbbe37@987197 No visible constructor found in: java.sql.DriverManager, returning the class instead of an instance; this may not be what you want. Please correct this error or please use the function java("java.sql.DriverManager") instead.
Feb 19 16:20:58 JavaBridge INFO : 1313e0e@987197 No visible constructor found in: java.sql.DriverManager, returning the class instead of an instance; this may not be what you want. Please correct this error or please use the function java("java.sql.DriverManager") instead.
Feb 19 16:20:59 JavaBridge INFO : 1939100@987197 No visible constructor found in: java.sql.DriverManager, returning the class instead of an instance; this may not be what you want. Please correct this error or please use the function java("java.sql.DriverManager") instead.
Feb 19 16:22:35 JavaBridge INFO : 25753d@987197 No visible constructor found in: java.sql.DriverManager, returning the class instead of an instance; this may not be what you want. Please correct this error or please use the function java("java.sql.DriverManager") instead.
Feb 19 16:22:36 JavaBridge INFO : 1535ac@987197 No visible constructor found in: java.sql.DriverManager, returning the class instead of an instance; this may not be what you want. Please correct this error or please use the function java("java.sql.DriverManager") instead.
Feb 19 16:22:37 JavaBridge INFO : 129645a@987197 No visible constructor found in: java.sql.DriverManager, returning the class instead of an instance; this may not be what you want. Please correct this error or please use the function java("java.sql.DriverManager") instead.
Feb 19 16:22:37 JavaBridge INFO : 15e7597@987197 No visible constructor found in: java.sql.DriverManager, returning the class instead of an instance; this may not be what you want. Please correct this error or please use the function java("java.sql.DriverManager") instead.
Feb 19 16:22:38 JavaBridge INFO : 1c35ec@987197 No visible constructor found in: java.sql.DriverManager, returning the class instead of an instance; this may not be what you want. Please correct this error or please use the function java("java.sql.DriverManager") instead.
Feb 19 16:22:38 JavaBridge INFO : 1531aca@987197 No visible constructor found in: java.sql.DriverManager, returning the class instead of an instance; this may not be what you want. Please correct this error or please use the function java("java.sql.DriverManager") instead.
Feb 19 16:22:38 JavaBridge INFO : 18a8bfa@987197 No visible constructor found in: java.sql.DriverManager, returning the class instead of an instance; this may not be what you want. Please correct this error or please use the function java("java.sql.DriverManager") instead.
Feb 19 16:22:38 JavaBridge INFO : e88e24@987197 No visible constructor found in: java.sql.DriverManager, returning the class instead of an instance; this may not be what you want. Please correct this error or please use the function java("java.sql.DriverManager") instead.
Feb 19 16:22:38 JavaBridge INFO : 6bc5aa@987197 No visible constructor found in: java.sql.DriverManager, returning the class instead of an instance; this may not be what you want. Please correct this error or please use the function java("java.sql.DriverManager") instead.
Feb 19 16:22:39 JavaBridge INFO : 3714c9@987197 No visible constructor found in: java.sql.DriverManager, returning the class instead of an instance; this may not be what you want. Please correct this error or please use the function java("java.sql.DriverManager") instead.
Feb 19 16:22:39 JavaBridge INFO : 1bc6ed3@987197 No visible constructor found in: java.sql.DriverManager, returning the class instead of an instance; this may not be what you want. Please correct this error or please use the function java("java.sql.DriverManager") instead.
Feb 19 16:22:39 JavaBridge INFO : 1677979@987197 No visible constructor found in: java.sql.DriverManager, returning the class instead of an instance; this may not be what you want. Please correct this error or please use the function java("java.sql.DriverManager") instead.
Feb 19 16:24:03 JavaBridge INFO : 1b7d13e@987197 No visible constructor found in: java.sql.DriverManager, returning the class instead of an instance; this may not be what you want. Please correct this error or please use the function java("java.sql.DriverManager") instead.
Feb 19 16:24:03 JavaBridge INFO : a574b2@987197 No visible constructor found in: java.sql.DriverManager, returning the class instead of an instance; this may not be what you want. Please correct this error or please use the function java("java.sql.DriverManager") instead.
Feb 19 16:24:04 JavaBridge INFO : 14096e6@987197 No visible constructor found in: java.sql.DriverManager, returning the class instead of an instance; this may not be what you want. Please correct this error or please use the function java("java.sql.DriverManager") instead.
Feb 19 16:24:04 JavaBridge INFO : 504f3c@987197 No visible constructor found in: java.sql.DriverManager, returning the class instead of an instance; this may not be what you want. Please correct this error or please use the function java("java.sql.DriverManager") instead.
Feb 19 16:24:04 JavaBridge INFO : 17e9134@987197 No visible constructor found in: java.sql.DriverManager, returning the class instead of an instance; this may not be what you want. Please correct this error or please use the function java("java.sql.DriverManager") instead.
Feb 19 16:24:04 JavaBridge INFO : 1a0abea@987197 No visible constructor found in: java.sql.DriverManager, returning the class instead of an instance; this may not be what you want. Please correct this error or please use the function java("java.sql.DriverManager") instead.
Feb 19 16:24:04 JavaBridge INFO : 167e003@987197 No visible constructor found in: java.sql.DriverManager, returning the class instead of an instance; this may not be what you want. Please correct this error or please use the function java("java.sql.DriverManager") instead.
Feb 19 16:24:20 JavaBridge INFO : 1be9d36@987197 No visible constructor found in: java.sql.DriverManager, returning the class instead of an instance; this may not be what you want. Please correct this error or please use the function java("java.sql.DriverManager") instead.
